#
# There is insufficient memory for the Java Runtime Environment to continue.
# Native memory allocation (malloc) failed to allocate 32744 bytes for ChunkPool::allocate
# Possible reasons:
#   The system is out of physical RAM or swap space
#   The process is running with CompressedOops enabled, and the Java Heap may be blocking the growth of the native heap
# Possible solutions:
#   Reduce memory load on the system
#   Increase physical memory or swap space
#   Check if swap backing store is full
#   Decrease Java heap size (-Xmx/-Xms)
#   Decrease number of Java threads
#   Decrease Java thread stack sizes (-Xss)
#   Set larger code cache with -XX:ReservedCodeCacheSize=
#   JVM is running with Unscaled Compressed Oops mode in which the Java heap is
#     placed in the first 4GB address space. The Java Heap base address is the
#     maximum limit for the native heap growth. Please use -XX:HeapBaseMinAddress
#     to set the Java Heap base and to place the Java Heap above 4GB virtual address.
# This output file may be truncated or incomplete.
#
#  Out of Memory Error (allocation.cpp:272), pid=9300, tid=0x0000000000000250
#
# JRE version: OpenJDK Runtime Environment (8.0_242-b01) (build 1.8.0_242-release-1644-b01)
# Java VM: OpenJDK 64-Bit Server VM (25.242-b01 mixed mode windows-amd64 compressed oops)
# Failed to write core dump. Minidumps are not enabled by default on client versions of Windows
#

---------------  T H R E A D  ---------------

Current thread (0x000000001605a000):  JavaThread "C2 CompilerThread0" daemon [_thread_in_native, id=592, stack(0x00000000176a0000,0x00000000177a0000)]

Stack: [0x00000000176a0000,0x00000000177a0000]
[error occurred during error reporting (printing stack bounds), id 0xc0000005]

Native frames: (J=compiled Java code, j=interpreted, Vv=VM code, C=native code)


Current CompileTask:
C2:  36236 4531       4       com.sun.beans.TypeResolver::resolve (37 bytes)


---------------  P R O C E S S  ---------------

Java Threads: ( => current thread )
  0x000000001d55b000 JavaThread "Cache worker for Build Output Cleanup Cache (F:\AndroidStudioProjects\chef_post\android\.gradle\buildOutputCleanup)" [_thread_blocked, id=3000, stack(0x0000000021f50000,0x0000000022050000)]
  0x000000001d559800 JavaThread "pool-1-thread-1" [_thread_blocked, id=6804, stack(0x0000000021c50000,0x0000000021d50000)]
  0x000000001d556800 JavaThread "Build operations Thread 4" [_thread_blocked, id=2624, stack(0x0000000021750000,0x0000000021850000)]
  0x000000001d557800 JavaThread "Build operations Thread 3" [_thread_blocked, id=12868, stack(0x0000000021650000,0x0000000021750000)]
  0x000000001d55c000 JavaThread "Build operations Thread 2" [_thread_blocked, id=2332, stack(0x0000000021550000,0x0000000021650000)]
  0x000000001d559000 JavaThread "Build operations" [_thread_blocked, id=7668, stack(0x00000000211d0000,0x00000000212d0000)]
  0x000000001d554800 JavaThread "Cache worker for execution history cache (C:\Users\Hemant\.gradle\caches\5.6.2\executionHistory)" [_thread_blocked, id=12596, stack(0x000000001fee0000,0x000000001ffe0000)]
  0x0000000018dbb000 JavaThread "Cache worker for cache directory md-rule (C:\Users\Hemant\.gradle\caches\5.6.2\md-rule)" [_thread_blocked, id=14000, stack(0x000000001fde0000,0x000000001fee0000)]
  0x0000000018dba800 JavaThread "Cache worker for cache directory md-supplier (C:\Users\Hemant\.gradle\caches\5.6.2\md-supplier)" [_thread_blocked, id=13816, stack(0x000000001fce0000,0x000000001fde0000)]
  0x0000000018db6000 JavaThread "Cache worker for file hash cache (F:\AndroidStudioProjects\chef_post\android\.gradle\5.6.2\fileHashes)" [_thread_blocked, id=8368, stack(0x000000001d190000,0x000000001d290000)]
  0x0000000018db8000 JavaThread "Cache worker for journal cache (C:\Users\Hemant\.gradle\caches\journal-1)" [_thread_blocked, id=1724, stack(0x000000001abf0000,0x000000001acf0000)]
  0x0000000018db6800 JavaThread "File lock request listener" [_thread_in_native, id=5544, stack(0x000000001aaf0000,0x000000001abf0000)]
  0x0000000018db5000 JavaThread "Cache worker for file hash cache (C:\Users\Hemant\.gradle\caches\5.6.2\fileHashes)" [_thread_blocked, id=7196, stack(0x000000001a9f0000,0x000000001aaf0000)]
  0x0000000019685800 JavaThread "Thread-9" [_thread_blocked, id=11000, stack(0x000000001a8f0000,0x000000001a9f0000)]
  0x0000000018e72800 JavaThread "Stdin handler" [_thread_blocked, id=15020, stack(0x000000001a7f0000,0x000000001a8f0000)]
  0x0000000018a3d800 JavaThread "Asynchronous log dispatcher for DefaultDaemonConnection: socket connection from /127.0.0.1:64723 to /127.0.0.1:64725" [_thread_blocked, id=4272, stack(0x000000001a6f0000,0x000000001a7f0000)]
  0x0000000018a3b000 JavaThread "Daemon worker" [_thread_in_Java, id=13496, stack(0x000000001a5f0000,0x000000001a6f0000)]
  0x0000000018a3a000 JavaThread "Cancel handler" [_thread_blocked, id=9472, stack(0x000000001a4f0000,0x000000001a5f0000)]
  0x0000000018a36800 JavaThread "Handler for socket connection from /127.0.0.1:64723 to /127.0.0.1:64725" [_thread_in_native, id=14712, stack(0x000000001a1f0000,0x000000001a2f0000)]
  0x00000000187e2000 JavaThread "Daemon" [_thread_blocked, id=13344, stack(0x000000001a0f0000,0x000000001a1f0000)]
  0x0000000017978000 JavaThread "Daemon periodic checks" [_thread_blocked, id=2592, stack(0x0000000019ff0000,0x000000001a0f0000)]
  0x0000000017977800 JavaThread "Incoming local TCP Connector on port 64723" [_thread_in_native, id=10104, stack(0x0000000019db0000,0x0000000019eb0000)]
  0x00000000195ec800 JavaThread "Daemon health stats" [_thread_blocked, id=13880, stack(0x0000000019770000,0x0000000019870000)]
  0x00000000178a9000 JavaThread "Service Thread" daemon [_thread_blocked, id=3668, stack(0x0000000017da0000,0x0000000017ea0000)]
  0x00000000178a8800 JavaThread "C1 CompilerThread2" daemon [_thread_blocked, id=10444, stack(0x0000000017ca0000,0x0000000017da0000)]
  0x000000001605d000 JavaThread "C2 CompilerThread1" daemon [_thread_in_native, id=14264, stack(0x00000000177a0000,0x00000000178a0000)]
=>0x000000001605a000 JavaThread "C2 CompilerThread0" daemon [_thread_in_native, id=592, stack(0x00000000176a0000,0x00000000177a0000)]
  0x0000000016057800 JavaThread "Attach Listener" daemon [_thread_blocked, id=12932, stack(0x00000000175a0000,0x00000000176a0000)]
  0x0000000016056800 JavaThread "Signal Dispatcher" daemon [_thread_blocked, id=14428, stack(0x00000000174a0000,0x00000000175a0000)]
  0x00000000026dc000 JavaThread "Finalizer" daemon [_thread_blocked, id=5860, stack(0x00000000172a0000,0x00000000173a0000)]
  0x0000000016039000 JavaThread "Reference Handler" daemon [_thread_blocked, id=13192, stack(0x00000000171a0000,0x00000000172a0000)]
  0x00000000025e2800 JavaThread "main" [_thread_blocked, id=14832, stack(0x0000000002470000,0x0000000002570000)]

Other Threads:
  0x0000000016018800 VMThread [stack: 0x00000000170a0000,0x00000000171a0000] [id=13152]
  0x00000000178aa000 WatcherThread [stack: 0x0000000017ea0000,0x0000000017fa0000] [id=7208]

VM state:not at safepoint (normal execution)

VM Mutex/Monitor currently owned by a thread: None

heap address: 0x00000000a0000000, size: 1536 MB, Compressed Oops mode: 32-bit
Narrow klass base: 0x0000000000000000, Narrow klass shift: 3
Compressed class space size: 1073741824 Address: 0x0000000100000000

Heap:
 PSYoungGen      total 110080K, used 49146K [0x00000000e0000000, 0x00000000e9500000, 0x0000000100000000)
  eden space 102912K, 40% used [0x00000000e0000000,0x00000000e2905c20,0x00000000e6480000)
  from space 7168K, 99% used [0x00000000e6480000,0x00000000e6b78c28,0x00000000e6b80000)
  to   space 10240K, 0% used [0x00000000e8b00000,0x00000000e8b00000,0x00000000e9500000)
 ParOldGen       total 53248K, used 23301K [0x00000000a0000000, 0x00000000a3400000, 0x00000000e0000000)
  object space 53248K, 43% used [0x00000000a0000000,0x00000000a16c14b8,0x00000000a3400000)
 Metaspace       used 45897K, capacity 47168K, committed 47320K, reserved 1089536K
  class space    used 6174K, capacity 6561K, committed 6656K, reserved 1048576K

Card table byte_map: [0x0000000011aa0000,0x0000000011db0000] byte_map_base: 0x00000000115a0000

Marking Bits: (ParMarkBitMap*) 0x0000000056c6f030
 Begin Bits: [0x00000000123b0000, 0x0000000013bb0000)
 End Bits:   [0x0000000013bb0000, 0x00000000153b0000)

Polling page: 0x0000000000a80000

CodeCache: size=245760Kb used=14327Kb max_used=14327Kb free=231432Kb
 bounds [0x00000000026e0000, 0x00000000034f0000, 0x00000000116e0000]
 total_blobs=4999 nmethods=4229 adapters=683
 compilation: enabled

Compilation events (10 events):
Event: 35.959 Thread 0x00000000178a8800 4553       3       groovyjarjarasm.asm.SymbolTable::addTypeInternal (85 bytes)
Event: 35.960 Thread 0x00000000178a8800 nmethod 4553 0x00000000034e5bd0 code [0x00000000034e5d60, 0x00000000034e62d8]
Event: 35.972 Thread 0x00000000178a8800 4554       3       groovyjarjarasm.asm.Frame::pop (53 bytes)
Event: 35.973 Thread 0x00000000178a8800 nmethod 4554 0x00000000034e64d0 code [0x00000000034e66a0, 0x00000000034e6be8]
Event: 35.983 Thread 0x00000000178a8800 4555       3       groovyjarjarasm.asm.Frame::getInputStackSize (6 bytes)
Event: 35.984 Thread 0x00000000178a8800 nmethod 4555 0x00000000034e6e50 code [0x00000000034e6fa0, 0x00000000034e70f0]
Event: 35.985 Thread 0x00000000178a8800 4556       3       groovyjarjarasm.asm.MethodWriter::visitLabel (328 bytes)
Event: 35.989 Thread 0x00000000178a8800 nmethod 4556 0x00000000034e7190 code [0x00000000034e7380, 0x00000000034e8008]
Event: 35.994 Thread 0x00000000178a8800 4557       3       groovy.lang.MetaClassImpl$MethodIndexAction::iterate (119 bytes)
Event: 35.995 Thread 0x00000000178a8800 nmethod 4557 0x00000000034e8490 code [0x00000000034e8680, 0x00000000034e9158]

GC Heap History (10 events):
Event: 21.640 GC heap before
{Heap before GC invocations=13 (full 1):
 PSYoungGen      total 57856K, used 57851K [0x00000000e0000000, 0x00000000e5500000, 0x0000000100000000)
  eden space 51712K, 100% used [0x00000000e0000000,0x00000000e3280000,0x00000000e3280000)
  from space 6144K, 99% used [0x00000000e3280000,0x00000000e387ef70,0x00000000e3880000)
  to   space 7168K, 0% used [0x00000000e4e00000,0x00000000e4e00000,0x00000000e5500000)
 ParOldGen       total 32256K, used 8680K [0x00000000a0000000, 0x00000000a1f80000, 0x00000000e0000000)
  object space 32256K, 26% used [0x00000000a0000000,0x00000000a087a1b0,0x00000000a1f80000)
 Metaspace       used 29934K, capacity 30510K, committed 30848K, reserved 1075200K
  class space    used 4050K, capacity 4221K, committed 4224K, reserved 1048576K
Event: 21.661 GC heap after
Heap after GC invocations=13 (full 1):
 PSYoungGen      total 78848K, used 4500K [0x00000000e0000000, 0x00000000e5480000, 0x0000000100000000)
  eden space 72192K, 0% used [0x00000000e0000000,0x00000000e0000000,0x00000000e4680000)
  from space 6656K, 67% used [0x00000000e4e00000,0x00000000e5265130,0x00000000e5480000)
  to   space 7168K, 0% used [0x00000000e4680000,0x00000000e4680000,0x00000000e4d80000)
 ParOldGen       total 32256K, used 12316K [0x00000000a0000000, 0x00000000a1f80000, 0x00000000e0000000)
  object space 32256K, 38% used [0x00000000a0000000,0x00000000a0c071d0,0x00000000a1f80000)
 Metaspace       used 29934K, capacity 30510K, committed 30848K, reserved 1075200K
  class space    used 4050K, capacity 4221K, committed 4224K, reserved 1048576K
}
Event: 25.745 GC heap before
{Heap before GC invocations=14 (full 1):
 PSYoungGen      total 78848K, used 76692K [0x00000000e0000000, 0x00000000e5480000, 0x0000000100000000)
  eden space 72192K, 100% used [0x00000000e0000000,0x00000000e4680000,0x00000000e4680000)
  from space 6656K, 67% used [0x00000000e4e00000,0x00000000e5265130,0x00000000e5480000)
  to   space 7168K, 0% used [0x00000000e4680000,0x00000000e4680000,0x00000000e4d80000)
 ParOldGen       total 32256K, used 12316K [0x00000000a0000000, 0x00000000a1f80000, 0x00000000e0000000)
  object space 32256K, 38% used [0x00000000a0000000,0x00000000a0c071d0,0x00000000a1f80000)
 Metaspace       used 33870K, capacity 34498K, committed 34560K, reserved 1079296K
  class space    used 4636K, capacity 4837K, committed 4864K, reserved 1048576K
Event: 25.840 GC heap after
Heap after GC invocations=14 (full 1):
 PSYoungGen      total 79360K, used 5825K [0x00000000e0000000, 0x00000000e7280000, 0x0000000100000000)
  eden space 72192K, 0% used [0x00000000e0000000,0x00000000e0000000,0x00000000e4680000)
  from space 7168K, 81% used [0x00000000e4680000,0x00000000e4c30520,0x00000000e4d80000)
  to   space 7168K, 0% used [0x00000000e6b80000,0x00000000e6b80000,0x00000000e7280000)
 ParOldGen       total 32256K, used 14305K [0x00000000a0000000, 0x00000000a1f80000, 0x00000000e0000000)
  object space 32256K, 44% used [0x00000000a0000000,0x00000000a0df8618,0x00000000a1f80000)
 Metaspace       used 33870K, capacity 34498K, committed 34560K, reserved 1079296K
  class space    used 4636K, capacity 4837K, committed 4864K, reserved 1048576K
}
Event: 27.557 GC heap before
{Heap before GC invocations=15 (full 1):
 PSYoungGen      total 79360K, used 30095K [0x00000000e0000000, 0x00000000e7280000, 0x0000000100000000)
  eden space 72192K, 33% used [0x00000000e0000000,0x00000000e17b3900,0x00000000e4680000)
  from space 7168K, 81% used [0x00000000e4680000,0x00000000e4c30520,0x00000000e4d80000)
  to   space 7168K, 0% used [0x00000000e6b80000,0x00000000e6b80000,0x00000000e7280000)
 ParOldGen       total 32256K, used 14305K [0x00000000a0000000, 0x00000000a1f80000, 0x00000000e0000000)
  object space 32256K, 44% used [0x00000000a0000000,0x00000000a0df8618,0x00000000a1f80000)
 Metaspace       used 34547K, capacity 35382K, committed 35416K, reserved 1079296K
  class space    used 4736K, capacity 4976K, committed 4992K, reserved 1048576K
Event: 27.586 GC heap after
Heap after GC invocations=15 (full 1):
 PSYoungGen      total 110080K, used 3572K [0x00000000e0000000, 0x00000000e7280000, 0x0000000100000000)
  eden space 102912K, 0% used [0x00000000e0000000,0x00000000e0000000,0x00000000e6480000)
  from space 7168K, 49% used [0x00000000e6b80000,0x00000000e6efd088,0x00000000e7280000)
  to   space 7168K, 0% used [0x00000000e6480000,0x00000000e6480000,0x00000000e6b80000)
 ParOldGen       total 32256K, used 15850K [0x00000000a0000000, 0x00000000a1f80000, 0x00000000e0000000)
  object space 32256K, 49% used [0x00000000a0000000,0x00000000a0f7aa48,0x00000000a1f80000)
 Metaspace       used 34547K, capacity 35382K, committed 35416K, reserved 1079296K
  class space    used 4736K, capacity 4976K, committed 4992K, reserved 1048576K
}
Event: 27.586 GC heap before
{Heap before GC invocations=16 (full 2):
 PSYoungGen      total 110080K, used 3572K [0x00000000e0000000, 0x00000000e7280000, 0x0000000100000000)
  eden space 102912K, 0% used [0x00000000e0000000,0x00000000e0000000,0x00000000e6480000)
  from space 7168K, 49% used [0x00000000e6b80000,0x00000000e6efd088,0x00000000e7280000)
  to   space 7168K, 0% used [0x00000000e6480000,0x00000000e6480000,0x00000000e6b80000)
 ParOldGen       total 32256K, used 15850K [0x00000000a0000000, 0x00000000a1f80000, 0x00000000e0000000)
  object space 32256K, 49% used [0x00000000a0000000,0x00000000a0f7aa48,0x00000000a1f80000)
 Metaspace       used 34547K, capacity 35382K, committed 35416K, reserved 1079296K
  class space    used 4736K, capacity 4976K, committed 4992K, reserved 1048576K
Event: 27.846 GC heap after
Heap after GC invocations=16 (full 2):
 PSYoungGen      total 110080K, used 0K [0x00000000e0000000, 0x00000000e7280000, 0x0000000100000000)
  eden space 102912K, 0% used [0x00000000e0000000,0x00000000e0000000,0x00000000e6480000)
  from space 7168K, 0% used [0x00000000e6b80000,0x00000000e6b80000,0x00000000e7280000)
  to   space 7168K, 0% used [0x00000000e6480000,0x00000000e6480000,0x00000000e6b80000)
 ParOldGen       total 53248K, used 17452K [0x00000000a0000000, 0x00000000a3400000, 0x00000000e0000000)
  object space 53248K, 32% used [0x00000000a0000000,0x00000000a110b078,0x00000000a3400000)
 Metaspace       used 34547K, capacity 35382K, committed 35416K, reserved 1079296K
  class space    used 4736K, capacity 4976K, committed 4992K, reserved 1048576K
}
Event: 33.923 GC heap before
{Heap before GC invocations=17 (full 2):
 PSYoungGen      total 110080K, used 102912K [0x00000000e0000000, 0x00000000e7280000, 0x0000000100000000)
  eden space 102912K, 100% used [0x00000000e0000000,0x00000000e6480000,0x00000000e6480000)
  from space 7168K, 0% used [0x00000000e6b80000,0x00000000e6b80000,0x00000000e7280000)
  to   space 7168K, 0% used [0x00000000e6480000,0x00000000e6480000,0x00000000e6b80000)
 ParOldGen       total 53248K, used 17452K [0x00000000a0000000, 0x00000000a3400000, 0x00000000e0000000)
  object space 53248K, 32% used [0x00000000a0000000,0x00000000a110b078,0x00000000a3400000)
 Metaspace       used 45054K, capacity 46122K, committed 46296K, reserved 1089536K
  class space    used 6015K, capacity 6318K, committed 6400K, reserved 1048576K
Event: 33.947 GC heap after
Heap after GC invocations=17 (full 2):
 PSYoungGen      total 110080K, used 7139K [0x00000000e0000000, 0x00000000e9500000, 0x0000000100000000)
  eden space 102912K, 0% used [0x00000000e0000000,0x00000000e0000000,0x00000000e6480000)
  from space 7168K, 99% used [0x00000000e6480000,0x00000000e6b78c28,0x00000000e6b80000)
  to   space 10240K, 0% used [0x00000000e8b00000,0x00000000e8b00000,0x00000000e9500000)
 ParOldGen       total 53248K, used 23301K [0x00000000a0000000, 0x00000000a3400000, 0x00000000e0000000)
  object space 53248K, 43% used [0x00000000a0000000,0x00000000a16c14b8,0x00000000a3400000)
 Metaspace       used 45054K, capacity 46122K, committed 46296K, reserved 1089536K
  class space    used 6015K, capacity 6318K, committed 6400K, reserved 1048576K
}

Deoptimization events (10 events):
Event: 31.533 Thread 0x0000000018a3b000 Uncommon trap: reason=unstable_if action=reinterpret pc=0x000000000324f17c method=java.security.CodeSource.matchCerts(Ljava/security/CodeSource;Z)Z @ 11
Event: 31.673 Thread 0x0000000018a3b000 Uncommon trap: reason=unstable_if action=reinterpret pc=0x0000000003198f40 method=java.util.LinkedHashMap.get(Ljava/lang/Object;)Ljava/lang/Object; @ 20
Event: 31.910 Thread 0x0000000018a3b000 Uncommon trap: reason=unstable_if action=reinterpret pc=0x000000000324f6fc method=java.security.CodeSource.matchCerts(Ljava/security/CodeSource;Z)Z @ 11
Event: 32.091 Thread 0x0000000018a3b000 Uncommon trap: reason=unstable_if action=reinterpret pc=0x0000000002fd9058 method=org.objectweb.asm.ByteVector.putUTF8(Ljava/lang/String;)Lorg/objectweb/asm/ByteVector; @ 93
Event: 33.276 Thread 0x0000000018a3b000 Uncommon trap: reason=unstable_if action=reinterpret pc=0x00000000033b1f60 method=com.google.gson.stream.JsonReader.doPeek()I @ 315
Event: 33.870 Thread 0x0000000018a3b000 Uncommon trap: reason=unstable_if action=reinterpret pc=0x00000000030524f0 method=org.gradle.internal.reflect.PropertyAccessorType.of(Ljava/lang/reflect/Method;)Lorg/gradle/internal/reflect/PropertyAccessorType; @ 56
Event: 34.173 Thread 0x0000000018a3b000 Uncommon trap: reason=unstable_if action=reinterpret pc=0x000000000320cc50 method=groovy.lang.MetaClassImpl.checkIfStdMethod(Lgroovy/lang/MetaMethod;)V @ 55
Event: 34.266 Thread 0x0000000018a3b000 Uncommon trap: reason=unstable_if action=reinterpret pc=0x00000000030610a0 method=groovy.lang.MetaClassImpl$1MOPIter.methodNameAction(Ljava/lang/Class;Lorg/codehaus/groovy/runtime/metaclass/MetaMethodIndex$Entry;)V @ 182
Event: 35.141 Thread 0x0000000018a3b000 Uncommon trap: reason=unstable_if action=reinterpret pc=0x000000000345dd4c method=org.codehaus.groovy.runtime.metaclass.MetaMethodIndex.copyNonPrivateNonNewMetaMethods(Lorg/codehaus/groovy/runtime/metaclass/MetaMethodIndex$Entry;Lorg/codehaus/groovy/runti
Event: 35.341 Thread 0x0000000018a3b000 Uncommon trap: reason=unstable_if action=reinterpret pc=0x00000000034bbe44 method=groovy.lang.MetaClassImpl.filterPropertyMethod(Ljava/lang/Object;ZZ)Ljava/lang/Object; @ 187

Classes redefined (0 events):
No events

Internal exceptions (10 events):
Event: 35.459 Thread 0x0000000018a3b000 Exception <a 'java/lang/ClassNotFoundException': java/lang/SystemBeanInfo> (0x00000000e21e53d8) thrown at [C:\src\AOSP-openjdk-git\hotspot\src\share\vm\classfile\systemDictionary.cpp, line 210]
Event: 35.471 Thread 0x0000000018a3b000 Exception <a 'java/lang/ClassNotFoundException': java/lang/SystemCustomizer> (0x00000000e21f33d0) thrown at [C:\src\AOSP-openjdk-git\hotspot\src\share\vm\classfile\systemDictionary.cpp, line 210]
Event: 35.484 Thread 0x0000000018a3b000 Exception <a 'java/lang/ClassNotFoundException': java/util/Collections$UnmodifiableMapBeanInfo> (0x00000000e2259688) thrown at [C:\src\AOSP-openjdk-git\hotspot\src\share\vm\classfile\systemDictionary.cpp, line 210]
Event: 35.487 Thread 0x0000000018a3b000 Exception <a 'java/lang/ClassNotFoundException': java/util/Collections$UnmodifiableMapCustomizer> (0x00000000e226abe0) thrown at [C:\src\AOSP-openjdk-git\hotspot\src\share\vm\classfile\systemDictionary.cpp, line 210]
Event: 35.518 Thread 0x0000000018a3b000 Exception <a 'java/lang/ClassNotFoundException': java/nio/file/PathsBeanInfo> (0x00000000e22ee198) thrown at [C:\src\AOSP-openjdk-git\hotspot\src\share\vm\classfile\systemDictionary.cpp, line 210]
Event: 35.520 Thread 0x0000000018a3b000 Exception <a 'java/lang/ClassNotFoundException': java/nio/file/PathsCustomizer> (0x00000000e22fd090) thrown at [C:\src\AOSP-openjdk-git\hotspot\src\share\vm\classfile\systemDictionary.cpp, line 210]
Event: 35.746 Thread 0x0000000018a3b000 Exception <a 'java/lang/ClassNotFoundException': org/apache/tools/ant/taskdefs/condition/OsBeanInfo> (0x00000000e2369b50) thrown at [C:\src\AOSP-openjdk-git\hotspot\src\share\vm\classfile\systemDictionary.cpp, line 210]
Event: 35.751 Thread 0x0000000018a3b000 Exception <a 'java/lang/ClassNotFoundException': org/apache/tools/ant/taskdefs/condition/OsCustomizer> (0x00000000e239e360) thrown at [C:\src\AOSP-openjdk-git\hotspot\src\share\vm\classfile\systemDictionary.cpp, line 210]
Event: 36.001 Thread 0x0000000018a3b000 Exception <a 'java/lang/ClassNotFoundException': org/gradle/api/internal/NamedDomainObjectContainerConfigureDelegateBeanInfo> (0x00000000e245c4e0) thrown at [C:\src\AOSP-openjdk-git\hotspot\src\share\vm\classfile\systemDictionary.cpp, line 210]
Event: 36.168 Thread 0x0000000018a3b000 Exception <a 'java/lang/ClassNotFoundException': org/gradle/api/internal/NamedDomainObjectContainerConfigureDelegateCustomizer> (0x00000000e24ac620) thrown at [C:\src\AOSP-openjdk-git\hotspot\src\share\vm\classfile\systemDictionary.cpp, line 210]

Events (10 events):
Event: 36.001 loading class org/gradle/api/internal/NamedDomainObjectContainerConfigureDelegateCustomizer
Event: 36.001 loading class org/gradle/api/internal/NamedDomainObjectContainerConfigureDelegateCustomizer done
Event: 36.002 loading class org/gradle/api/internal/NamedDomainObjectContainerConfigureDelegateCustomizer
Event: 36.002 loading class org/gradle/api/internal/NamedDomainObjectContainerConfigureDelegateCustomizer done
Event: 36.003 loading class org/gradle/api/internal/NamedDomainObjectContainerConfigureDelegateCustomizer
Event: 36.003 loading class org/gradle/api/internal/NamedDomainObjectContainerConfigureDelegateCustomizer done
Event: 36.165 loading class org/gradle/api/internal/NamedDomainObjectContainerConfigureDelegateCustomizer
Event: 36.165 loading class org/gradle/api/internal/NamedDomainObjectContainerConfigureDelegateCustomizer done
Event: 36.170 loading class FlutterPlugin$_apply_closure3$_closure24
Event: 36.170 loading class FlutterPlugin$_apply_closure3$_closure24 done


Dynamic libraries:
0x00007ff7affb0000 - 0x00007ff7affe1000 	C:\Program Files\Android\Android Studio\jre\bin\java.exe
0x00007ffaac660000 - 0x00007ffaac850000 	C:\WINDOWS\SYSTEM32\ntdll.dll
0x00007ffaa6180000 - 0x00007ffaa6192000 	C:\Program Files\AVG\Antivirus\aswhook.dll
0x00007ffaab130000 - 0x00007ffaab1e2000 	C:\WINDOWS\System32\KERNEL32.DLL
0x00007ffaa9a20000 - 0x00007ffaa9cc5000 	C:\WINDOWS\System32\KERNELBASE.dll
0x00007ffaabee0000 - 0x00007ffaabf83000 	C:\WINDOWS\System32\ADVAPI32.dll
0x00007ffaabfb0000 - 0x00007ffaac04e000 	C:\WINDOWS\System32\msvcrt.dll
0x00007ffaab260000 - 0x00007ffaab2f7000 	C:\WINDOWS\System32\sechost.dll
0x00007ffaac3f0000 - 0x00007ffaac510000 	C:\WINDOWS\System32\RPCRT4.dll
0x00007ffaab770000 - 0x00007ffaab905000 	C:\WINDOWS\System32\USER32.dll
0x00007ffaaa6e0000 - 0x00007ffaaa701000 	C:\WINDOWS\System32\win32u.dll
0x00007ffaac0c0000 - 0x00007ffaac0e6000 	C:\WINDOWS\System32\GDI32.dll
0x00007ffaa9d20000 - 0x00007ffaa9eb6000 	C:\WINDOWS\System32\gdi32full.dll
0x00007ffaa9ec0000 - 0x00007ffaa9f5e000 	C:\WINDOWS\System32\msvcp_win.dll
0x00007ffaa9920000 - 0x00007ffaa9a1a000 	C:\WINDOWS\System32\ucrtbase.dll
0x00007ffa92830000 - 0x00007ffa92ab4000 	C:\WINDOWS\WinSxS\amd64_microsoft.windows.common-controls_6595b64144ccf1df_6.0.18362.1082_none_9e8193e1e45b25c1\COMCTL32.dll
0x00007ffaab920000 - 0x00007ffaabc55000 	C:\WINDOWS\System32\combase.dll
0x00007ffaa97f0000 - 0x00007ffaa9870000 	C:\WINDOWS\System32\bcryptPrimitives.dll
0x00007ffaac590000 - 0x00007ffaac5be000 	C:\WINDOWS\System32\IMM32.DLL
0x0000000057be0000 - 0x0000000057cb2000 	C:\Program Files\Android\Android Studio\jre\jre\bin\msvcr100.dll
0x00000000564a0000 - 0x0000000056ceb000 	C:\Program Files\Android\Android Studio\jre\jre\bin\server\jvm.dll
0x00007ffaab910000 - 0x00007ffaab918000 	C:\WINDOWS\System32\PSAPI.DLL
0x00007ffaa0970000 - 0x00007ffaa0979000 	C:\WINDOWS\SYSTEM32\WSOCK32.dll
0x00007ffaabd10000 - 0x00007ffaabd7f000 	C:\WINDOWS\System32\WS2_32.dll
0x00007ffa9d2b0000 - 0x00007ffa9d2d4000 	C:\WINDOWS\SYSTEM32\WINMM.dll
0x00007ffaa4c40000 - 0x00007ffaa4c4a000 	C:\WINDOWS\SYSTEM32\VERSION.dll
0x00007ffa9d1a0000 - 0x00007ffa9d1cd000 	C:\WINDOWS\SYSTEM32\WINMMBASE.dll
0x00007ffaa98d0000 - 0x00007ffaa991a000 	C:\WINDOWS\System32\cfgmgr32.dll
0x00007ffaa5bd0000 - 0x00007ffaa5bdf000 	C:\Program Files\Android\Android Studio\jre\jre\bin\verify.dll
0x00007ffa9ca50000 - 0x00007ffa9ca79000 	C:\Program Files\Android\Android Studio\jre\jre\bin\java.dll
0x00007ffaa59c0000 - 0x00007ffaa59d6000 	C:\Program Files\Android\Android Studio\jre\jre\bin\zip.dll
0x00007ffaaa7c0000 - 0x00007ffaaaea7000 	C:\WINDOWS\System32\SHELL32.dll
0x00007ffaabc60000 - 0x00007ffaabd09000 	C:\WINDOWS\System32\shcore.dll
0x00007ffaa9f60000 - 0x00007ffaaa6e0000 	C:\WINDOWS\System32\windows.storage.dll
0x00007ffaa95c0000 - 0x00007ffaa95e3000 	C:\WINDOWS\System32\profapi.dll
0x00007ffaa9550000 - 0x00007ffaa959a000 	C:\WINDOWS\System32\powrprof.dll
0x00007ffaa9520000 - 0x00007ffaa9530000 	C:\WINDOWS\System32\UMPDC.dll
0x00007ffaac5c0000 - 0x00007ffaac612000 	C:\WINDOWS\System32\shlwapi.dll
0x00007ffaa95a0000 - 0x00007ffaa95b1000 	C:\WINDOWS\System32\kernel.appcore.dll
0x00007ffaa9cd0000 - 0x00007ffaa9ce7000 	C:\WINDOWS\System32\cryptsp.dll
0x00007ffaa4610000 - 0x00007ffaa462a000 	C:\Program Files\Android\Android Studio\jre\jre\bin\net.dll
0x00007ffaa8d10000 - 0x00007ffaa8d77000 	C:\WINDOWS\system32\mswsock.dll
0x00007ffaa4480000 - 0x00007ffaa4493000 	C:\Program Files\Android\Android Studio\jre\jre\bin\nio.dll
0x00007ffa8f220000 - 0x00007ffa8f246000 	C:\Users\Hemant\.gradle\native\30\windows-amd64\native-platform.dll
0x00007ffaa58e0000 - 0x00007ffaa58ed000 	C:\Program Files\Android\Android Studio\jre\jre\bin\management.dll
0x00007ffaa8880000 - 0x00007ffaa88b3000 	C:\WINDOWS\system32\rsaenh.dll
0x00007ffaa9cf0000 - 0x00007ffaa9d16000 	C:\WINDOWS\System32\bcrypt.dll
0x00007ffaa9440000 - 0x00007ffaa9465000 	C:\WINDOWS\SYSTEM32\USERENV.dll
0x00007ffaa8ee0000 - 0x00007ffaa8eec000 	C:\WINDOWS\SYSTEM32\CRYPTBASE.dll
0x00007ffaa8a20000 - 0x00007ffaa8a5a000 	C:\WINDOWS\SYSTEM32\IPHLPAPI.DLL
0x00007ffaab250000 - 0x00007ffaab258000 	C:\WINDOWS\System32\NSI.dll
0x00007ffaa1b90000 - 0x00007ffaa1ba6000 	C:\WINDOWS\SYSTEM32\dhcpcsvc6.DLL
0x00007ffaa2900000 - 0x00007ffaa291c000 	C:\WINDOWS\SYSTEM32\dhcpcsvc.DLL
0x00007ffaa8a60000 - 0x00007ffaa8b2b000 	C:\WINDOWS\SYSTEM32\DNSAPI.dll

VM Arguments:
jvm_args: -Xmx1536M -Dfile.encoding=windows-1252 -Duser.country=US -Duser.language=en -Duser.variant 
java_command: org.gradle.launcher.daemon.bootstrap.GradleDaemon 5.6.2
java_class_path (initial): C:\Users\Hemant\.gradle\wrapper\dists\gradle-5.6.2-all\9st6wgf78h16so49nn74lgtbb\gradle-5.6.2\lib\gradle-launcher-5.6.2.jar
Launcher Type: SUN_STANDARD

Environment Variables:
JAVA_HOME=C:\Program Files\Android\Android Studio\jre
CLASSPATH=F:\AndroidStudioProjects\chef_post\android\\gradle\wrapper\gradle-wrapper.jar
PATH=C:\Users\Hemant\AppData\Local\Programs\Python\Python37-32\Scripts\;C:\Users\Hemant\AppData\Local\Programs\Python\Python37-32\;C:\Program Files (x86)\Common Files\Intel\Shared Libraries\redist\intel64\compiler;C:\Program Files (x86)\Python37-32\Scripts\;C:\Program Files (x86)\Python37-32\;C:\ProgramData\Oracle\Java\javapath;C:\Program Files\Common Files\Microsoft Shared\Windows Live;C:\Program Files (x86)\Common Files\Microsoft Shared\Windows Live;C:\Program Files (x86)\Intel\iCLS Client\;C:\Program Files\Intel\iCLS Client\;C:\WINDOWS\system32;C:\WINDOWS;C:\WINDOWS\System32\Wbem;C:\WINDOWS\System32\WindowsPowerShell\v1.0\;C:\Program Files (x86)\Intel\OpenCL SDK\2.0\bin\x86;C:\Program Files (x86)\Intel\OpenCL SDK\2.0\bin\x64;C:\Program Files\Intel\Intel(R) Management Engine Components\DAL;C:\Program Files\Intel\Intel(R) Management Engine Components\IPT;C:\Program Files (x86)\Intel\Intel(R) Management Engine Components\DAL;C:\Program Files (x86)\Intel\Intel(R) Management Engine Components\IPT;C:\Program Files\Intel\WiFi\bin\;C:\Program Files\Common Files\Intel\WirelessCommon\;\;C:\Program Files (x86)\Sony\VAIO Startup Setting Tool;C:\Program Files (x86)\Windows Live\Shared;C:\Program Files (x86)\Common Files\Acronis\SnapAPI\;C:\Program Files (x86)\QuickTime\QTSystem\;C:\WINDOWS\System32\OpenSSH\;C:\Program Files\dotnet\;C:\Program Files\Git\cmd;D:\;C:\Users\Hemant\AppData\Local\Microsoft\WindowsApps;E:\ros\Downloads\flutter\bin;E:\flutter\bin;E:\ros\Downloads;E:\PHP;C:\Users\Hemant\AppData\Local\atom\bin;C:\Users\Hemant\AppData\Roaming\npm;E:\flutter\bin\mingit\cmd
USERNAME=Hemant
OS=Windows_NT
PROCESSOR_IDENTIFIER=Intel64 Family 6 Model 58 Stepping 9, GenuineIntel



---------------  S Y S T E M  ---------------

OS: Windows 10.0 , 64 bit Build 18362 (10.0.18362.1082)

CPU:total 4 (initial active 4) (2 cores per cpu, 2 threads per core) family 6 model 58 stepping 9, cmov, cx8, fxsr, mmx, sse, sse2, sse3, ssse3, sse4.1, sse4.2, popcnt, avx, aes, clmul, erms, ht, tsc, tscinvbit, tscinv

Memory: 4k page, physical 4091160k(253640k free), swap 16674072k(1696k free)

vm_info: OpenJDK 64-Bit Server VM (25.242-b01) for windows-amd64 JRE (1.8.0_242-release-1644-b01), built by "builder" with MS VC++ 10.0 (VS2010)

time: Sat Sep 12 17:52:00 2020
timezone: India Standard Time
elapsed time: 36 seconds (0d 0h 0m 36s)

